<?xml version="1.0" encoding="UTF-8"?>
<!-- Generated by org.testng.reporters.JUnitXMLReporter -->
<testsuite ignored="2" hostname="sonali" failures="0" tests="0" time="0.013" errors="0" timestamp="2024-01-05T14:10:45 IST">
  <testcase classname="TestNgTestClassPackage.Validate_testcases_CoverFox" name="SearchsortPlanText" time="0.0">
    <ignored/>
  </testcase> <!-- SearchsortPlanText -->
  <testcase classname="TestNgTestClassPackage.Validate_testcases_CoverFox" name="validateResultNumber" time="0.0">
    <ignored/>
  </testcase> <!-- validateResultNumber -->
</testsuite>
