<?xml version="1.0" encoding="UTF-8"?>
<!-- Generated by org.testng.reporters.JUnitXMLReporter -->
<testsuite ignored="0" hostname="sonali" failures="0" tests="7" name="IncludeExcludeClass1and2" time="0.064" errors="0" timestamp="2024-01-04T23:41:54 IST">
  <testcase classname="TestNGStudy.TestClass1" name="Tc1" time="0.009"/>
  <testcase classname="TestNGStudy.TestClass1" name="Tc2" time="0.001"/>
  <testcase classname="TestNGStudy.TestClass1" name="Tc3" time="0.001"/>
  <testcase classname="TestNGStudy.TestClass1" name="Tc4" time="0.002"/>
  <testcase classname="TestNGStudy.TestClass1" name="Tc5" time="0.001"/>
  <testcase classname="TestNGStudy.TestClass2" name="Tc4" time="0.0"/>
  <testcase classname="TestNGStudy.TestClass2" name="Tc6" time="0.001"/>
</testsuite> <!-- IncludeExcludeClass1and2 -->
