<?xml version="1.0" encoding="UTF-8"?>
<!-- Generated by org.testng.reporters.JUnitXMLReporter -->
<testsuite ignored="1" hostname="sonali" failures="0" tests="1" name="TestSortPlan" time="13.278" errors="0" timestamp="2024-01-05T14:11:26 IST">
  <testcase classname="TestNgTestClassPackage.Validate_testcases_CoverFox" name="SearchsortPlanText" time="0.872"/>
  <testcase classname="TestNgTestClassPackage.Validate_testcases_CoverFox" name="validateResultNumber" time="0.0">
    <ignored/>
  </testcase> <!-- validateResultNumber -->
</testsuite> <!-- TestSortPlan -->
