<?xml version="1.0" encoding="UTF-8"?>
<!-- Generated by org.testng.reporters.JUnitXMLReporter -->
<testsuite ignored="0" hostname="sonali" failures="0" tests="4" name="TestClass1and2" time="0.065" errors="0" timestamp="2023-12-30T22:53:14 IST">
  <testcase classname="TestNGStudy.TestClass1" name="Tc1" time="0.005"/>
  <testcase classname="TestNGStudy.TestClass1" name="Tc2" time="0.003"/>
  <testcase classname="TestNGStudy.TestClass2" name="Tc3" time="0.002"/>
  <testcase classname="TestNGStudy.TestClass2" name="Tc4" time="0.001"/>
</testsuite> <!-- TestClass1and2 -->
