<?xml version="1.0" encoding="UTF-8"?>
<!-- Generated by org.testng.reporters.JUnitXMLReporter -->
<testsuite ignored="0" hostname="sonali" failures="0" tests="3" name="Test" time="11.045" errors="0" timestamp="2023-12-31T00:40:31 IST">
  <testcase classname="SerialAndParallelStudy.FlipCartBrowser" name="flipCartLaunch" time="4.802"/>
  <testcase classname="SerialAndParallelStudy.MyntraBrowser" name="myntraLaunch" time="3.379"/>
  <testcase classname="SerialAndParallelStudy.AmazonBrowser" name="amazonLaunch" time="2.798"/>
</testsuite> <!-- Test -->
