<?xml version="1.0" encoding="UTF-8"?>
<!-- Generated by org.testng.reporters.JUnitXMLReporter -->
<testsuite ignored="0" hostname="sonali" failures="1" tests="5" name="TestListnerStudy" time="0.064" errors="0" timestamp="2024-01-03T16:59:19 IST">
  <testcase classname="ListenersStudy.ListenerTestNg" name="c" time="0.01">
    <failure type="java.lang.AssertionError" message="null">
      <![CDATA[java.lang.AssertionError: null
at ListenersStudy.ListenerTestNg.c(ListenerTestNg.java:23)
at java.base/java.util.ArrayList.forEach(ArrayList.java:1511)
... Removed 29 stack frames]]>
    </failure>
  </testcase> <!-- c -->
  <testcase classname="ListenersStudy.ListenerTestNg" name="d" time="0.001"/>
  <testcase classname="ListenersStudy.ListenerTestNg" name="e" time="0.001"/>
  <testcase classname="ListenersStudy.ListenerTestNg" name="a" time="0.001"/>
  <testcase classname="ListenersStudy.ListenerTestNg" name="b" time="0.0">
    <skipped/>
  </testcase> <!-- b -->
</testsuite> <!-- TestListnerStudy -->
